2025-10-16T23:14:25.904+05:30  INFO 18408 --- [tenderManagement] [restartedMain] c.i.TenderManagementApplication          : Starting TenderManagementApplication using Java 21.0.8 with PID 18408 (C:\Users\91933\Desktop\tender-management\backend\tender-management-server\target\classes started by 91933 in C:\Users\91933\Desktop\tender-management\backend\tender-management-server)
2025-10-16T23:14:25.926+05:30  INFO 18408 --- [tenderManagement] [restartedMain] c.i.TenderManagementApplication          : The following 1 profile is active: "local"
2025-10-16T23:14:26.373+05:30  INFO 18408 --- [tenderManagement] [restartedMain] .e.DevToolsPropertyDefaultsPostProcessor : Devtools property defaults active! Set 'spring.devtools.add-properties' to 'false' to disable
2025-10-16T23:14:26.386+05:30  INFO 18408 --- [tenderManagement] [restartedMain] .e.DevToolsPropertyDefaultsPostProcessor : For additional web related logging consider setting the 'logging.level.web' property to 'DEBUG'
2025-10-16T23:14:34.965+05:30  INFO 18408 --- [tenderManagement] [restartedMain] .s.d.r.c.RepositoryConfigurationDelegate : Multiple Spring Data modules found, entering strict repository configuration mode
2025-10-16T23:14:34.972+05:30  INFO 18408 --- [tenderManagement] [restartedMain] .s.d.r.c.RepositoryConfigurationDelegate : Bootstrapping Spring Data JPA repositories in DEFAULT mode.
2025-10-16T23:14:35.102+05:30  INFO 18408 --- [tenderManagement] [restartedMain] .s.d.r.c.RepositoryConfigurationDelegate : Finished Spring Data repository scanning in 39 ms. Found 0 JPA repository interfaces.
2025-10-16T23:14:36.029+05:30  INFO 18408 --- [tenderManagement] [restartedMain] .s.d.r.c.RepositoryConfigurationDelegate : Multiple Spring Data modules found, entering strict repository configuration mode
2025-10-16T23:14:36.032+05:30  INFO 18408 --- [tenderManagement] [restartedMain] .s.d.r.c.RepositoryConfigurationDelegate : Bootstrapping Spring Data JPA repositories in DEFAULT mode.
2025-10-16T23:14:36.726+05:30  INFO 18408 --- [tenderManagement] [restartedMain] .s.d.r.c.RepositoryConfigurationDelegate : Finished Spring Data repository scanning in 686 ms. Found 1 JPA repository interface.
2025-10-16T23:14:36.733+05:30  INFO 18408 --- [tenderManagement] [restartedMain] .s.d.r.c.RepositoryConfigurationDelegate : Multiple Spring Data modules found, entering strict repository configuration mode
2025-10-16T23:14:36.736+05:30  INFO 18408 --- [tenderManagement] [restartedMain] .s.d.r.c.RepositoryConfigurationDelegate : Bootstrapping Spring Data JPA repositories in DEFAULT mode.
2025-10-16T23:14:36.824+05:30  INFO 18408 --- [tenderManagement] [restartedMain] .s.d.r.c.RepositoryConfigurationDelegate : Finished Spring Data repository scanning in 80 ms. Found 4 JPA repository interfaces.
2025-10-16T23:14:36.826+05:30  INFO 18408 --- [tenderManagement] [restartedMain] .s.d.r.c.RepositoryConfigurationDelegate : Multiple Spring Data modules found, entering strict repository configuration mode
2025-10-16T23:14:36.830+05:30  INFO 18408 --- [tenderManagement] [restartedMain] .s.d.r.c.RepositoryConfigurationDelegate : Bootstrapping Spring Data JPA repositories in DEFAULT mode.
2025-10-16T23:14:36.886+05:30  INFO 18408 --- [tenderManagement] [restartedMain] .s.d.r.c.RepositoryConfigurationDelegate : Finished Spring Data repository scanning in 36 ms. Found 1 JPA repository interface.
2025-10-16T23:14:39.176+05:30  INFO 18408 --- [tenderManagement] [restartedMain] .s.d.r.c.RepositoryConfigurationDelegate : Multiple Spring Data modules found, entering strict repository configuration mode
2025-10-16T23:14:39.182+05:30  INFO 18408 --- [tenderManagement] [restartedMain] .s.d.r.c.RepositoryConfigurationDelegate : Bootstrapping Spring Data Elasticsearch repositories in DEFAULT mode.
2025-10-16T23:14:39.230+05:30  INFO 18408 --- [tenderManagement] [restartedMain] .s.d.r.c.RepositoryConfigurationDelegate : Finished Spring Data repository scanning in 42 ms. Found 0 Elasticsearch repository interfaces.
2025-10-16T23:14:39.251+05:30  INFO 18408 --- [tenderManagement] [restartedMain] .s.d.r.c.RepositoryConfigurationDelegate : Multiple Spring Data modules found, entering strict repository configuration mode
2025-10-16T23:14:39.256+05:30  INFO 18408 --- [tenderManagement] [restartedMain] .s.d.r.c.RepositoryConfigurationDelegate : Bootstrapping Spring Data Reactive Elasticsearch repositories in DEFAULT mode.
2025-10-16T23:14:39.268+05:30  INFO 18408 --- [tenderManagement] [restartedMain] .s.d.r.c.RepositoryConfigurationDelegate : Finished Spring Data repository scanning in 3 ms. Found 0 Reactive Elasticsearch repository interfaces.
2025-10-16T23:14:39.306+05:30  INFO 18408 --- [tenderManagement] [restartedMain] .s.d.r.c.RepositoryConfigurationDelegate : Multiple Spring Data modules found, entering strict repository configuration mode
2025-10-16T23:14:39.307+05:30  INFO 18408 --- [tenderManagement] [restartedMain] .s.d.r.c.RepositoryConfigurationDelegate : Bootstrapping Spring Data MongoDB repositories in DEFAULT mode.
2025-10-16T23:14:39.320+05:30  INFO 18408 --- [tenderManagement] [restartedMain] .s.d.r.c.RepositoryConfigurationDelegate : Finished Spring Data repository scanning in 3 ms. Found 0 MongoDB repository interfaces.
2025-10-16T23:14:39.416+05:30  INFO 18408 --- [tenderManagement] [restartedMain] .s.d.r.c.RepositoryConfigurationDelegate : Multiple Spring Data modules found, entering strict repository configuration mode
2025-10-16T23:14:39.443+05:30  INFO 18408 --- [tenderManagement] [restartedMain] .s.d.r.c.RepositoryConfigurationDelegate : Bootstrapping Spring Data Redis repositories in DEFAULT mode.
2025-10-16T23:14:39.517+05:30  INFO 18408 --- [tenderManagement] [restartedMain] .s.d.r.c.RepositoryConfigurationDelegate : Finished Spring Data repository scanning in 3 ms. Found 0 Redis repository interfaces.
2025-10-16T23:14:41.362+05:30  INFO 18408 --- [tenderManagement] [restartedMain] o.s.cloud.context.scope.GenericScope     : BeanFactory id=73720152-3e99-3a54-9f33-bb2d567ef2a8
2025-10-16T23:14:45.812+05:30  INFO 18408 --- [tenderManagement] [restartedMain] o.s.b.w.embedded.tomcat.TomcatWebServer  : Tomcat initialized with port 8070 (http)
2025-10-16T23:14:45.875+05:30  INFO 18408 --- [tenderManagement] [restartedMain] o.apache.catalina.core.StandardService   : Starting service [Tomcat]
2025-10-16T23:14:45.876+05:30  INFO 18408 --- [tenderManagement] [restartedMain] o.apache.catalina.core.StandardEngine    : Starting Servlet engine: [Apache Tomcat/10.1.39]
2025-10-16T23:14:46.229+05:30  INFO 18408 --- [tenderManagement] [restartedMain] o.a.c.c.C.[Tomcat].[localhost].[/]       : Initializing Spring embedded WebApplicationContext
2025-10-16T23:14:46.233+05:30  INFO 18408 --- [tenderManagement] [restartedMain] w.s.c.ServletWebServerApplicationContext : Root WebApplicationContext: initialization completed in 19841 ms
2025-10-16T23:14:47.756+05:30  INFO 18408 --- [tenderManagement] [restartedMain] com.zaxxer.hikari.HikariDataSource       : HikariPool-1 - Starting...
2025-10-16T23:14:52.037+05:30  INFO 18408 --- [tenderManagement] [restartedMain] com.zaxxer.hikari.pool.HikariPool        : HikariPool-1 - Added connection com.mysql.cj.jdbc.ConnectionImpl@681cc6fb
2025-10-16T23:14:52.051+05:30  INFO 18408 --- [tenderManagement] [restartedMain] com.zaxxer.hikari.HikariDataSource       : HikariPool-1 - Start completed.
2025-10-16T23:15:19.906+05:30  INFO 18408 --- [tenderManagement] [restartedMain] o.hibernate.jpa.internal.util.LogHelper  : HHH000204: Processing PersistenceUnitInfo [name: default]
2025-10-16T23:15:20.391+05:30  INFO 18408 --- [tenderManagement] [restartedMain] org.hibernate.Version                    : HHH000412: Hibernate ORM core version 6.6.11.Final
2025-10-16T23:15:20.650+05:30  INFO 18408 --- [tenderManagement] [restartedMain] o.h.c.internal.RegionFactoryInitiator    : HHH000026: Second-level cache disabled
2025-10-16T23:15:22.178+05:30  INFO 18408 --- [tenderManagement] [restartedMain] o.s.o.j.p.SpringPersistenceUnitInfo      : No LoadTimeWeaver setup: ignoring JPA class transformer
2025-10-16T23:15:22.556+05:30  WARN 18408 --- [tenderManagement] [restartedMain] org.hibernate.orm.deprecation            : HHH90000025: MySQL8Dialect does not need to be specified explicitly using 'hibernate.dialect' (remove the property setting and it will be selected by default)
2025-10-16T23:15:22.566+05:30  WARN 18408 --- [tenderManagement] [restartedMain] org.hibernate.orm.deprecation            : HHH90000026: MySQL8Dialect has been deprecated; use org.hibernate.dialect.MySQLDialect instead
2025-10-16T23:15:22.661+05:30  INFO 18408 --- [tenderManagement] [restartedMain] org.hibernate.orm.connections.pooling    : HHH10001005: Database info:
	Database JDBC URL [Connecting through datasource 'HikariDataSource (HikariPool-1)']
	Database driver: undefined/unknown
	Database version: 8.0
	Autocommit mode: undefined/unknown
	Isolation level: undefined/unknown
	Minimum pool size: undefined/unknown
	Maximum pool size: undefined/unknown
2025-10-16T23:15:27.705+05:30  INFO 18408 --- [tenderManagement] [restartedMain] o.h.e.t.j.p.i.JtaPlatformInitiator       : HHH000489: No JTA platform available (set 'hibernate.transaction.jta.platform' to enable JTA platform integration)
2025-10-16T23:15:34.358+05:30  INFO 18408 --- [tenderManagement] [restartedMain] j.LocalContainerEntityManagerFactoryBean : Initialized JPA EntityManagerFactory for persistence unit 'default'
2025-10-16T23:15:37.176+05:30  INFO 18408 --- [tenderManagement] [restartedMain] o.s.d.j.r.query.QueryEnhancerFactory     : JSqlParser is in classpath; If applicable, JSqlParser will be used.
2025-10-16T23:15:37.213+05:30  INFO 18408 --- [tenderManagement] [restartedMain] o.s.d.j.r.query.QueryEnhancerFactory     : Hibernate is in classpath; If applicable, HQL parser will be used.
2025-10-16T23:15:49.668+05:30  INFO 18408 --- [tenderManagement] [restartedMain] aultActiviti5CompatibilityHandlerFactory : Activiti 5 compatibility handler implementation not found or error during instantiation : org.activiti.compatibility.DefaultActiviti5CompatibilityHandler. Activiti 5 backwards compatibility disabled.
2025-10-16T23:15:51.843+05:30  INFO 18408 --- [tenderManagement] [restartedMain] o.a.engine.impl.ProcessEngineImpl        : ProcessEngine default created
2025-10-16T23:15:55.899+05:30  WARN 18408 --- [tenderManagement] [restartedMain] JpaBaseConfiguration$JpaWebConfiguration : spring.jpa.open-in-view is enabled by default. Therefore, database queries may be performed during view rendering. Explicitly configure spring.jpa.open-in-view to disable this warning
2025-10-16T23:15:56.301+05:30  INFO 18408 --- [tenderManagement] [restartedMain] o.s.b.d.a.OptionalLiveReloadServer       : LiveReload server is running on port 35729
2025-10-16T23:15:56.506+05:30 DEBUG 18408 --- [tenderManagement] [restartedMain] com.ikon.core.control.ControlManager     : Control start : com.ikon.appaccessmanagement.service.IkonGroupService@67b90546
2025-10-16T23:15:56.512+05:30 DEBUG 18408 --- [tenderManagement] [restartedMain] com.ikon.core.control.ControlManager     : Control end : com.ikon.appaccessmanagement.service.IkonGroupService@67b90546
2025-10-16T23:15:56.604+05:30  INFO 18408 --- [tenderManagement] [restartedMain] o.s.c.openfeign.FeignClientFactoryBean   : For 'ikon-administration-service' URL not provided. Will try picking an instance via load-balancing.
2025-10-16T23:15:57.054+05:30 DEBUG 18408 --- [tenderManagement] [restartedMain] com.ikon.core.control.ControlManager     : Control start : com.ikon.appaccessmanagement.service.IkonGroupService@67b90546
2025-10-16T23:15:57.057+05:30 DEBUG 18408 --- [tenderManagement] [restartedMain] com.ikon.core.control.ControlManager     : Control end : com.ikon.appaccessmanagement.service.IkonGroupService@67b90546
2025-10-16T23:15:57.061+05:30  INFO 18408 --- [tenderManagement] [restartedMain] o.s.c.openfeign.FeignClientFactoryBean   : For 'ikon-administration-service' URL not provided. Will try picking an instance via load-balancing.
2025-10-16T23:15:57.247+05:30 DEBUG 18408 --- [tenderManagement] [restartedMain] com.ikon.core.control.ControlManager     : Control start : com.ikon.appaccessmanagement.service.IkonGroupService@67b90546
2025-10-16T23:15:57.249+05:30 DEBUG 18408 --- [tenderManagement] [restartedMain] com.ikon.core.control.ControlManager     : Control end : com.ikon.appaccessmanagement.service.IkonGroupService@67b90546
2025-10-16T23:15:57.252+05:30  INFO 18408 --- [tenderManagement] [restartedMain] o.s.c.openfeign.FeignClientFactoryBean   : For 'ikon-administration-service' URL not provided. Will try picking an instance via load-balancing.
2025-10-16T23:15:57.383+05:30 DEBUG 18408 --- [tenderManagement] [restartedMain] com.ikon.core.control.ControlManager     : Control start : com.ikon.appaccessmanagement.service.IkonGroupService@67b90546
2025-10-16T23:15:57.385+05:30 DEBUG 18408 --- [tenderManagement] [restartedMain] com.ikon.core.control.ControlManager     : Control end : com.ikon.appaccessmanagement.service.IkonGroupService@67b90546
2025-10-16T23:15:57.392+05:30  INFO 18408 --- [tenderManagement] [restartedMain] o.s.c.openfeign.FeignClientFactoryBean   : For 'ikon-software-management-service' URL not provided. Will try picking an instance via load-balancing.
2025-10-16T23:15:57.536+05:30 DEBUG 18408 --- [tenderManagement] [restartedMain] com.ikon.core.control.ControlManager     : Control start : com.ikon.appaccessmanagement.service.IkonGroupService@67b90546
2025-10-16T23:15:57.537+05:30 DEBUG 18408 --- [tenderManagement] [restartedMain] com.ikon.core.control.ControlManager     : Control end : com.ikon.appaccessmanagement.service.IkonGroupService@67b90546
2025-10-16T23:15:57.542+05:30  INFO 18408 --- [tenderManagement] [restartedMain] o.s.c.openfeign.FeignClientFactoryBean   : For 'ikon-software-management-service' URL not provided. Will try picking an instance via load-balancing.
2025-10-16T23:15:57.681+05:30 DEBUG 18408 --- [tenderManagement] [restartedMain] com.ikon.core.control.ControlManager     : Control start : com.ikon.appaccessmanagement.service.IkonGroupService@67b90546
2025-10-16T23:15:57.684+05:30 DEBUG 18408 --- [tenderManagement] [restartedMain] com.ikon.core.control.ControlManager     : Control end : com.ikon.appaccessmanagement.service.IkonGroupService@67b90546
2025-10-16T23:15:57.688+05:30  INFO 18408 --- [tenderManagement] [restartedMain] o.s.c.openfeign.FeignClientFactoryBean   : For 'ikon-software-management-service' URL not provided. Will try picking an instance via load-balancing.
2025-10-16T23:15:57.895+05:30 DEBUG 18408 --- [tenderManagement] [restartedMain] com.ikon.core.control.ControlManager     : Control start : com.ikon.appaccessmanagement.service.IkonGroupService@67b90546
2025-10-16T23:15:57.900+05:30 DEBUG 18408 --- [tenderManagement] [restartedMain] com.ikon.core.control.ControlManager     : Control end : com.ikon.appaccessmanagement.service.IkonGroupService@67b90546
2025-10-16T23:15:57.904+05:30  INFO 18408 --- [tenderManagement] [restartedMain] o.s.c.openfeign.FeignClientFactoryBean   : For 'ikon-software-management-service' URL not provided. Will try picking an instance via load-balancing.
2025-10-16T23:15:58.072+05:30 DEBUG 18408 --- [tenderManagement] [restartedMain] com.ikon.core.control.ControlManager     : Control start : com.ikon.appaccessmanagement.service.IkonGroupService@67b90546
2025-10-16T23:15:58.076+05:30 DEBUG 18408 --- [tenderManagement] [restartedMain] com.ikon.core.control.ControlManager     : Control end : com.ikon.appaccessmanagement.service.IkonGroupService@67b90546
2025-10-16T23:15:58.080+05:30  INFO 18408 --- [tenderManagement] [restartedMain] o.s.c.openfeign.FeignClientFactoryBean   : For 'ikon-file-storage-service' URL not provided. Will try picking an instance via load-balancing.
2025-10-16T23:15:58.239+05:30 DEBUG 18408 --- [tenderManagement] [restartedMain] com.ikon.core.control.ControlManager     : Control start : com.ikon.appaccessmanagement.service.IkonGroupService@67b90546
2025-10-16T23:15:58.239+05:30 DEBUG 18408 --- [tenderManagement] [restartedMain] com.ikon.core.control.ControlManager     : Control end : com.ikon.appaccessmanagement.service.IkonGroupService@67b90546
2025-10-16T23:15:58.243+05:30  INFO 18408 --- [tenderManagement] [restartedMain] o.s.c.openfeign.FeignClientFactoryBean   : For 'ikon-auth-service' URL not provided. Will try picking an instance via load-balancing.
2025-10-16T23:15:59.733+05:30  INFO 18408 --- [tenderManagement] [restartedMain] org.mongodb.driver.client                : MongoClient with metadata {"driver": {"name": "mongo-java-driver|sync|spring-boot", "version": "5.2.1"}, "os": {"type": "Windows", "name": "Windows 11", "architecture": "amd64", "version": "10.0"}, "platform": "Java/Eclipse Adoptium/21.0.8+9-LTS"} created with settings MongoClientSettings{readPreference=primary, writeConcern=WriteConcern{w=null, wTimeout=null ms, journal=null}, retryWrites=true, retryReads=true, readConcern=ReadConcern{level=null}, credential=MongoCredential{mechanism=null, userName='admin', source='admin', password=<hidden>, mechanismProperties=<hidden>}, transportSettings=null, commandListeners=[io.micrometer.core.instrument.binder.mongodb.MongoMetricsCommandListener@2484a92e], codecRegistry=ProvidersCodecRegistry{codecProviders=[ValueCodecProvider{}, BsonValueCodecProvider{}, DBRefCodecProvider{}, DBObjectCodecProvider{}, DocumentCodecProvider{}, CollectionCodecProvider{}, IterableCodecProvider{}, MapCodecProvider{}, GeoJsonCodecProvider{}, GridFSFileCodecProvider{}, Jsr310CodecProvider{}, JsonObjectCodecProvider{}, BsonCodecProvider{}, EnumCodecProvider{}, com.mongodb.client.model.mql.ExpressionCodecProvider@50b8bf6f, com.mongodb.Jep395RecordCodecProvider@18fa8d46, com.mongodb.KotlinCodecProvider@14716f3d]}, loggerSettings=LoggerSettings{maxDocumentLength=1000}, clusterSettings={hosts=[localhost:27017], srvServiceName=mongodb, mode=SINGLE, requiredClusterType=UNKNOWN, requiredReplicaSetName='null', serverSelector='null', clusterListeners='[]', serverSelectionTimeout='30000 ms', localThreshold='15 ms'}, socketSettings=SocketSettings{connectTimeoutMS=10000, readTimeoutMS=0, receiveBufferSize=0, proxySettings=ProxySettings{host=null, port=null, username=null, password=null}}, heartbeatSocketSettings=SocketSettings{connectTimeoutMS=10000, readTimeoutMS=10000, receiveBufferSize=0, proxySettings=ProxySettings{host=null, port=null, username=null, password=null}}, connectionPoolSettings=ConnectionPoolSettings{maxSize=100, minSize=0, maxWaitTimeMS=120000, maxConnectionLifeTimeMS=0, maxConnectionIdleTimeMS=0, maintenanceInitialDelayMS=0, maintenanceFrequencyMS=60000, connectionPoolListeners=[io.micrometer.core.instrument.binder.mongodb.MongoMetricsConnectionPoolListener@55e023a7], maxConnecting=2}, serverSettings=ServerSettings{heartbeatFrequencyMS=10000, minHeartbeatFrequencyMS=500, serverMonitoringMode=AUTO, serverListeners='[]', serverMonitorListeners='[]'}, sslSettings=SslSettings{enabled=false, invalidHostNameAllowed=false, context=null}, applicationName='null', compressorList=[], uuidRepresentation=JAVA_LEGACY, serverApi=null, autoEncryptionSettings=null, dnsClient=null, inetAddressResolver=null, contextProvider=null, timeoutMS=null}
2025-10-16T23:15:59.883+05:30  INFO 18408 --- [tenderManagement] [cluster-ClusterId{value='68f12f572300dd5d72866c18', description='null'}-localhost:27017] org.mongodb.driver.cluster               : Monitor thread successfully connected to server with description ServerDescription{address=localhost:27017, type=STANDALONE, cryptd=false, state=CONNECTED, ok=true, minWireVersion=0, maxWireVersion=25, maxDocumentSize=16777216, logicalSessionTimeoutMinutes=30, roundTripTimeNanos=171107000, minRoundTripTimeNanos=0}
2025-10-16T23:16:06.895+05:30  INFO 18408 --- [tenderManagement] [restartedMain] org.quartz.impl.StdSchedulerFactory      : Using default implementation for ThreadExecutor
2025-10-16T23:16:06.962+05:30  INFO 18408 --- [tenderManagement] [restartedMain] org.quartz.core.SchedulerSignalerImpl    : Initialized Scheduler Signaller of type: class org.quartz.core.SchedulerSignalerImpl
2025-10-16T23:16:06.963+05:30  INFO 18408 --- [tenderManagement] [restartedMain] org.quartz.core.QuartzScheduler          : Quartz Scheduler v.2.3.2 created.
2025-10-16T23:16:06.966+05:30  INFO 18408 --- [tenderManagement] [restartedMain] org.quartz.simpl.RAMJobStore             : RAMJobStore initialized.
2025-10-16T23:16:06.971+05:30  INFO 18408 --- [tenderManagement] [restartedMain] org.quartz.core.QuartzScheduler          : Scheduler meta-data: Quartz Scheduler (v2.3.2) 'quartzScheduler' with instanceId 'NON_CLUSTERED'
  Scheduler class: 'org.quartz.core.QuartzScheduler' - running locally.
  NOT STARTED.
  Currently in standby mode.
  Number of jobs executed: 0
  Using thread pool 'org.quartz.simpl.SimpleThreadPool' - with 10 threads.
  Using job-store 'org.quartz.simpl.RAMJobStore' - which does not support persistence. and is not clustered.

2025-10-16T23:16:06.973+05:30  INFO 18408 --- [tenderManagement] [restartedMain] org.quartz.impl.StdSchedulerFactory      : Quartz scheduler 'quartzScheduler' initialized from an externally provided properties instance.
2025-10-16T23:16:06.974+05:30  INFO 18408 --- [tenderManagement] [restartedMain] org.quartz.impl.StdSchedulerFactory      : Quartz scheduler version: 2.3.2
2025-10-16T23:16:06.975+05:30  INFO 18408 --- [tenderManagement] [restartedMain] org.quartz.core.QuartzScheduler          : JobFactory set to: org.springframework.scheduling.quartz.SpringBeanJobFactory@51cebf11
2025-10-16T23:16:13.838+05:30  INFO 18408 --- [tenderManagement] [restartedMain] o.s.b.a.e.web.EndpointLinksResolver      : Exposing 1 endpoint beneath base path '/actuator'
2025-10-16T23:16:14.309+05:30  INFO 18408 --- [tenderManagement] [restartedMain] DiscoveryClientOptionalArgsConfiguration : Eureka HTTP Client uses RestTemplate.
2025-10-16T23:16:15.258+05:30  INFO 18408 --- [tenderManagement] [restartedMain] o.s.c.n.eureka.InstanceInfoFactory       : Setting initial instance status as: STARTING
2025-10-16T23:16:15.373+05:30  INFO 18408 --- [tenderManagement] [restartedMain] com.netflix.discovery.DiscoveryClient    : Initializing Eureka in region us-east-1
2025-10-16T23:16:15.375+05:30  INFO 18408 --- [tenderManagement] [restartedMain] com.netflix.discovery.DiscoveryClient    : Client configured to neither register nor query for data.
2025-10-16T23:16:15.387+05:30  INFO 18408 --- [tenderManagement] [restartedMain] com.netflix.discovery.DiscoveryClient    : Discovery Client initialized at timestamp 1760636775383 with initial instances count: 0
2025-10-16T23:16:15.418+05:30  INFO 18408 --- [tenderManagement] [restartedMain] o.s.c.n.e.s.EurekaServiceRegistry        : Registering application TENDERMANAGEMENT with eureka with status UP
2025-10-16T23:16:15.492+05:30  INFO 18408 --- [tenderManagement] [restartedMain] o.s.b.w.embedded.tomcat.TomcatWebServer  : Tomcat started on port 8070 (http) with context path '/'
2025-10-16T23:16:15.498+05:30  INFO 18408 --- [tenderManagement] [restartedMain] .s.c.n.e.s.EurekaAutoServiceRegistration : Updating port to 8070
2025-10-16T23:16:15.680+05:30  INFO 18408 --- [tenderManagement] [restartedMain] o.a.k.clients.consumer.ConsumerConfig    : ConsumerConfig values: 
	allow.auto.create.topics = true
	auto.commit.interval.ms = 5000
	auto.include.jmx.reporter = true
	auto.offset.reset = earliest
	bootstrap.servers = [localhost:9092]
	check.crcs = true
	client.dns.lookup = use_all_dns_ips
	client.id = consumer-ikon-job-executor-process-job-started-event-listener-fe6e3390-c5e1-4797-9d59-7393d2fab5c1-1
	client.rack = 
	connections.max.idle.ms = 540000
	default.api.timeout.ms = 60000
	enable.auto.commit = false
	enable.metrics.push = true
	exclude.internal.topics = true
	fetch.max.bytes = 52428800
	fetch.max.wait.ms = 500
	fetch.min.bytes = 1
	group.id = ikon-job-executor-process-job-started-event-listener-fe6e3390-c5e1-4797-9d59-7393d2fab5c1
	group.instance.id = null
	group.protocol = classic
	group.remote.assignor = null
	heartbeat.interval.ms = 3000
	interceptor.classes = []
	internal.leave.group.on.close = true
	internal.throw.on.fetch.stable.offset.unsupported = false
	isolation.level = read_uncommitted
	key.deserializer = class org.apache.kafka.common.serialization.StringDeserializer
	max.partition.fetch.bytes = 1048576
	max.poll.interval.ms = 300000
	max.poll.records = 500
	metadata.max.age.ms = 300000
	metadata.recovery.strategy = none
	metric.reporters = []
	metrics.num.samples = 2
	metrics.recording.level = INFO
	metrics.sample.window.ms = 30000
	partition.assignment.strategy = [class org.apache.kafka.clients.consumer.RangeAssignor, class org.apache.kafka.clients.consumer.CooperativeStickyAssignor]
	receive.buffer.bytes = 65536
	reconnect.backoff.max.ms = 1000
	reconnect.backoff.ms = 50
	request.timeout.ms = 30000
	retry.backoff.max.ms = 1000
	retry.backoff.ms = 100
	sasl.client.callback.handler.class = null
	sasl.jaas.config = null
	sasl.kerberos.kinit.cmd = /usr/bin/kinit
	sasl.kerberos.min.time.before.relogin = 60000
	sasl.kerberos.service.name = null
	sasl.kerberos.ticket.renew.jitter = 0.05
	sasl.kerberos.ticket.renew.window.factor = 0.8
	sasl.login.callback.handler.class = null
	sasl.login.class = null
	sasl.login.connect.timeout.ms = null
	sasl.login.read.timeout.ms = null
	sasl.login.refresh.buffer.seconds = 300
	sasl.login.refresh.min.period.seconds = 60
	sasl.login.refresh.window.factor = 0.8
	sasl.login.refresh.window.jitter = 0.05
	sasl.login.retry.backoff.max.ms = 10000
	sasl.login.retry.backoff.ms = 100
	sasl.mechanism = GSSAPI
	sasl.oauthbearer.clock.skew.seconds = 30
	sasl.oauthbearer.expected.audience = null
	sasl.oauthbearer.expected.issuer = null
	sasl.oauthbearer.jwks.endpoint.refresh.ms = 3600000
	sasl.oauthbearer.jwks.endpoint.retry.backoff.max.ms = 10000
	sasl.oauthbearer.jwks.endpoint.retry.backoff.ms = 100
	sasl.oauthbearer.jwks.endpoint.url = null
	sasl.oauthbearer.scope.claim.name = scope
	sasl.oauthbearer.sub.claim.name = sub
	sasl.oauthbearer.token.endpoint.url = null
	security.protocol = PLAINTEXT
	security.providers = null
	send.buffer.bytes = 131072
	session.timeout.ms = 45000
	socket.connection.setup.timeout.max.ms = 30000
	socket.connection.setup.timeout.ms = 10000
	ssl.cipher.suites = null
	ssl.enabled.protocols = [TLSv1.2, TLSv1.3]
	ssl.endpoint.identification.algorithm = https
	ssl.engine.factory.class = null
	ssl.key.password = null
	ssl.keymanager.algorithm = SunX509
	ssl.keystore.certificate.chain = null
	ssl.keystore.key = null
	ssl.keystore.location = null
	ssl.keystore.password = null
	ssl.keystore.type = JKS
	ssl.protocol = TLSv1.3
	ssl.provider = null
	ssl.secure.random.implementation = null
	ssl.trustmanager.algorithm = PKIX
	ssl.truststore.certificates = null
	ssl.truststore.location = null
	ssl.truststore.password = null
	ssl.truststore.type = JKS
	value.deserializer = class io.confluent.kafka.serializers.KafkaAvroDeserializer

2025-10-16T23:16:16.275+05:30  INFO 18408 --- [tenderManagement] [restartedMain] o.a.k.c.t.i.KafkaMetricsCollector        : initializing Kafka metrics collector
2025-10-16T23:16:16.431+05:30  INFO 18408 --- [tenderManagement] [restartedMain] i.c.k.s.KafkaAvroDeserializerConfig      : KafkaAvroDeserializerConfig values: 
	auto.register.schemas = true
	avro.reflection.allow.null = false
	avro.use.logical.type.converters = false
	basic.auth.credentials.source = URL
	basic.auth.user.info = [hidden]
	bearer.auth.cache.expiry.buffer.seconds = 300
	bearer.auth.client.id = null
	bearer.auth.client.secret = null
	bearer.auth.credentials.source = STATIC_TOKEN
	bearer.auth.custom.provider.class = null
	bearer.auth.identity.pool.id = null
	bearer.auth.issuer.endpoint.url = null
	bearer.auth.logical.cluster = null
	bearer.auth.scope = null
	bearer.auth.scope.claim.name = scope
	bearer.auth.sub.claim.name = sub
	bearer.auth.token = [hidden]
	context.name.strategy = class io.confluent.kafka.serializers.context.NullContextNameStrategy
	http.connect.timeout.ms = 60000
	http.read.timeout.ms = 60000
	id.compatibility.strict = true
	key.subject.name.strategy = class io.confluent.kafka.serializers.subject.TopicNameStrategy
	latest.cache.size = 1000
	latest.cache.ttl.sec = -1
	latest.compatibility.strict = true
	max.schemas.per.subject = 1000
	normalize.schemas = false
	propagate.schema.tags = false
	proxy.host = 
	proxy.port = -1
	rule.actions = []
	rule.executors = []
	rule.service.loader.enable = true
	schema.format = null
	schema.reflection = false
	schema.registry.basic.auth.user.info = [hidden]
	schema.registry.ssl.cipher.suites = null
	schema.registry.ssl.enabled.protocols = [TLSv1.2, TLSv1.3]
	schema.registry.ssl.endpoint.identification.algorithm = https
	schema.registry.ssl.engine.factory.class = null
	schema.registry.ssl.key.password = null
	schema.registry.ssl.keymanager.algorithm = SunX509
	schema.registry.ssl.keystore.certificate.chain = null
	schema.registry.ssl.keystore.key = null
	schema.registry.ssl.keystore.location = null
	schema.registry.ssl.keystore.password = null
	schema.registry.ssl.keystore.type = JKS
	schema.registry.ssl.protocol = TLSv1.3
	schema.registry.ssl.provider = null
	schema.registry.ssl.secure.random.implementation = null
	schema.registry.ssl.trustmanager.algorithm = PKIX
	schema.registry.ssl.truststore.certificates = null
	schema.registry.ssl.truststore.location = null
	schema.registry.ssl.truststore.password = null
	schema.registry.ssl.truststore.type = JKS
	schema.registry.url = [http://localhost:9093]
	specific.avro.key.type = null
	specific.avro.reader = true
	specific.avro.value.type = null
	use.latest.version = false
	use.latest.with.metadata = null
	use.schema.id = -1
	value.subject.name.strategy = class io.confluent.kafka.serializers.subject.TopicNameStrategy

2025-10-16T23:16:16.434+05:30  INFO 18408 --- [tenderManagement] [restartedMain] i.c.k.s.KafkaAvroDeserializerConfig      : KafkaAvroDeserializerConfig values: 
	auto.register.schemas = true
	avro.reflection.allow.null = false
	avro.use.logical.type.converters = false
	basic.auth.credentials.source = URL
	basic.auth.user.info = [hidden]
	bearer.auth.cache.expiry.buffer.seconds = 300
	bearer.auth.client.id = null
	bearer.auth.client.secret = null
	bearer.auth.credentials.source = STATIC_TOKEN
	bearer.auth.custom.provider.class = null
	bearer.auth.identity.pool.id = null
	bearer.auth.issuer.endpoint.url = null
	bearer.auth.logical.cluster = null
	bearer.auth.scope = null
	bearer.auth.scope.claim.name = scope
	bearer.auth.sub.claim.name = sub
	bearer.auth.token = [hidden]
	context.name.strategy = class io.confluent.kafka.serializers.context.NullContextNameStrategy
	http.connect.timeout.ms = 60000
	http.read.timeout.ms = 60000
	id.compatibility.strict = true
	key.subject.name.strategy = class io.confluent.kafka.serializers.subject.TopicNameStrategy
	latest.cache.size = 1000
	latest.cache.ttl.sec = -1
	latest.compatibility.strict = true
	max.schemas.per.subject = 1000
	normalize.schemas = false
	propagate.schema.tags = false
	proxy.host = 
	proxy.port = -1
	rule.actions = []
	rule.executors = []
	rule.service.loader.enable = true
	schema.format = null
	schema.reflection = false
	schema.registry.basic.auth.user.info = [hidden]
	schema.registry.ssl.cipher.suites = null
	schema.registry.ssl.enabled.protocols = [TLSv1.2, TLSv1.3]
	schema.registry.ssl.endpoint.identification.algorithm = https
	schema.registry.ssl.engine.factory.class = null
	schema.registry.ssl.key.password = null
	schema.registry.ssl.keymanager.algorithm = SunX509
	schema.registry.ssl.keystore.certificate.chain = null
	schema.registry.ssl.keystore.key = null
	schema.registry.ssl.keystore.location = null
	schema.registry.ssl.keystore.password = null
	schema.registry.ssl.keystore.type = JKS
	schema.registry.ssl.protocol = TLSv1.3
	schema.registry.ssl.provider = null
	schema.registry.ssl.secure.random.implementation = null
	schema.registry.ssl.trustmanager.algorithm = PKIX
	schema.registry.ssl.truststore.certificates = null
	schema.registry.ssl.truststore.location = null
	schema.registry.ssl.truststore.password = null
	schema.registry.ssl.truststore.type = JKS
	schema.registry.url = [http://localhost:9093]
	specific.avro.key.type = null
	specific.avro.reader = true
	specific.avro.value.type = null
	use.latest.version = false
	use.latest.with.metadata = null
	use.schema.id = -1
	value.subject.name.strategy = class io.confluent.kafka.serializers.subject.TopicNameStrategy

2025-10-16T23:16:16.836+05:30  INFO 18408 --- [tenderManagement] [restartedMain] o.a.k.clients.consumer.ConsumerConfig    : These configurations '[schema.registry.url, specific.avro.reader]' were supplied but are not used yet.
2025-10-16T23:16:16.841+05:30  INFO 18408 --- [tenderManagement] [restartedMain] o.a.kafka.common.utils.AppInfoParser     : Kafka version: 3.8.1
2025-10-16T23:16:16.842+05:30  INFO 18408 --- [tenderManagement] [restartedMain] o.a.kafka.common.utils.AppInfoParser     : Kafka commitId: 70d6ff42debf7e17
2025-10-16T23:16:16.843+05:30  INFO 18408 --- [tenderManagement] [restartedMain] o.a.kafka.common.utils.AppInfoParser     : Kafka startTimeMs: 1760636776836
2025-10-16T23:16:16.899+05:30  INFO 18408 --- [tenderManagement] [restartedMain] o.a.k.c.c.internals.LegacyKafkaConsumer  : [Consumer clientId=consumer-ikon-job-executor-process-job-started-event-listener-fe6e3390-c5e1-4797-9d59-7393d2fab5c1-1, groupId=ikon-job-executor-process-job-started-event-listener-fe6e3390-c5e1-4797-9d59-7393d2fab5c1] Subscribed to topic(s): ikon-process-job-fe6e3390-c5e1-4797-9d59-7393d2fab5c1
2025-10-16T23:16:16.936+05:30  INFO 18408 --- [tenderManagement] [restartedMain] o.s.s.quartz.SchedulerFactoryBean        : Starting Quartz Scheduler now
2025-10-16T23:16:16.937+05:30  INFO 18408 --- [tenderManagement] [restartedMain] org.quartz.core.QuartzScheduler          : Scheduler quartzScheduler_$_NON_CLUSTERED started.
2025-10-16T23:16:17.012+05:30 DEBUG 18408 --- [tenderManagement] [restartedMain] com.ikon.core.control.ControlManager     : Control start : com.ikon.appaccessmanagement.service.IkonGroupService@67b90546
2025-10-16T23:16:17.021+05:30 DEBUG 18408 --- [tenderManagement] [restartedMain] com.ikon.core.control.ControlManager     : Control end : com.ikon.appaccessmanagement.service.IkonGroupService@67b90546
2025-10-16T23:16:17.022+05:30 DEBUG 18408 --- [tenderManagement] [restartedMain] com.ikon.core.control.ControlManager     : Control start : com.ikon.client.IkonServiceClient@3c8f7288
2025-10-16T23:16:17.888+05:30 DEBUG 18408 --- [tenderManagement] [restartedMain] com.ikon.core.control.ControlManager     : Control end : com.ikon.client.IkonServiceClient@3c8f7288
2025-10-16T23:16:17.889+05:30 DEBUG 18408 --- [tenderManagement] [restartedMain] com.ikon.core.control.ControlManager     : Control start : com.ikon.processengine.ProcessModelLocalCache@6c2aee22
2025-10-16T23:16:17.896+05:30 DEBUG 18408 --- [tenderManagement] [restartedMain] com.ikon.core.control.ControlManager     : Control end : com.ikon.processengine.ProcessModelLocalCache@6c2aee22
2025-10-16T23:16:17.899+05:30 DEBUG 18408 --- [tenderManagement] [restartedMain] com.ikon.core.control.ControlManager     : Control start : com.ikon.processmanagement.service.IkonProcessManagementService@ee2f6c6
2025-10-16T23:16:21.738+05:30 DEBUG 18408 --- [tenderManagement] [restartedMain] c.i.w.c.IkonWebServiceAutoConfiguration  : No new process deployed.
2025-10-16T23:16:21.739+05:30 DEBUG 18408 --- [tenderManagement] [restartedMain] com.ikon.core.control.ControlManager     : Control end : com.ikon.processmanagement.service.IkonProcessManagementService@ee2f6c6
2025-10-16T23:16:21.741+05:30 DEBUG 18408 --- [tenderManagement] [restartedMain] com.ikon.core.control.ControlManager     : Control start : com.ikon.dataaccess.mongodb.MongoDatabaseAccessor@6cd52aa7
2025-10-16T23:16:21.742+05:30 DEBUG 18408 --- [tenderManagement] [restartedMain] com.ikon.core.control.ControlManager     : Control end : com.ikon.dataaccess.mongodb.MongoDatabaseAccessor@6cd52aa7
2025-10-16T23:16:21.743+05:30 DEBUG 18408 --- [tenderManagement] [restartedMain] com.ikon.core.control.ControlManager     : Control start : com.ikon.dataaccess.redis.RedisTemplateAccessor@374bbd7
2025-10-16T23:16:23.809+05:30 DEBUG 18408 --- [tenderManagement] [restartedMain] com.ikon.core.control.ControlManager     : Control end : com.ikon.dataaccess.redis.RedisTemplateAccessor@374bbd7
2025-10-16T23:16:23.812+05:30 DEBUG 18408 --- [tenderManagement] [restartedMain] com.ikon.core.control.ControlManager     : Control start : com.ikon.processengine.remoteexecution.RemoteExecutionServiceManager@5ae2d59a
2025-10-16T23:16:23.814+05:30 DEBUG 18408 --- [tenderManagement] [restartedMain] com.ikon.core.control.ControlManager     : Control end : com.ikon.processengine.remoteexecution.RemoteExecutionServiceManager@5ae2d59a
2025-10-16T23:16:23.814+05:30 DEBUG 18408 --- [tenderManagement] [restartedMain] com.ikon.core.control.ControlManager     : Control start : com.ikon.processmanagement.service.IkonProcessRuntimeService@7c553157
2025-10-16T23:16:23.817+05:30 DEBUG 18408 --- [tenderManagement] [restartedMain] com.ikon.core.control.ControlManager     : Control end : com.ikon.processmanagement.service.IkonProcessRuntimeService@7c553157
2025-10-16T23:16:23.820+05:30 DEBUG 18408 --- [tenderManagement] [restartedMain] com.ikon.core.control.ControlManager     : Control start : com.ikon.platform.server.cache.DistributedCacheService@6af957c4
2025-10-16T23:16:23.826+05:30 DEBUG 18408 --- [tenderManagement] [restartedMain] com.ikon.core.control.ControlManager     : Control end : com.ikon.platform.server.cache.DistributedCacheService@6af957c4
2025-10-16T23:16:23.830+05:30 DEBUG 18408 --- [tenderManagement] [restartedMain] com.ikon.core.control.ControlManager     : Control start : com.ikon.platform.email.EmailSender@3dce0157
2025-10-16T23:16:24.095+05:30 DEBUG 18408 --- [tenderManagement] [restartedMain] com.ikon.core.control.ControlManager     : Control end : com.ikon.platform.email.EmailSender@3dce0157
2025-10-16T23:16:24.135+05:30  INFO 18408 --- [tenderManagement] [restartedMain] c.i.TenderManagementApplication          : Started TenderManagementApplication in 121.995 seconds (process running for 128.393)
2025-10-16T23:16:24.624+05:30 DEBUG 18408 --- [tenderManagement] [restartedMain] c.i.w.c.IkonWebServiceAutoConfiguration  : Initializing App Groups and Roles
2025-10-16T23:16:24.627+05:30 DEBUG 18408 --- [tenderManagement] [restartedMain] c.i.w.c.IkonWebServiceAutoConfiguration  : FilePath: C:\Users\91933\Desktop\tender-management\bpmn\project.json
2025-10-16T23:16:25.322+05:30 DEBUG 18408 --- [tenderManagement] [restartedMain] c.i.w.c.IkonWebServiceAutoConfiguration  : Initialized App Groups and Roles successful
2025-10-16T23:16:27.500+05:30  WARN 18408 --- [tenderManagement] [Finalizer] i.l.c.resource.DefaultClientResources    : io.lettuce.core.resource.DefaultClientResources was not shut down properly, shutdown() was not called before it's garbage-collected. Call shutdown() or shutdown(long,long,TimeUnit) 
2025-10-16T23:16:27.508+05:30  WARN 18408 --- [tenderManagement] [org.springframework.kafka.KafkaListenerEndpointContainer#0-0-C-1] org.apache.kafka.clients.NetworkClient   : [Consumer clientId=consumer-ikon-job-executor-process-job-started-event-listener-fe6e3390-c5e1-4797-9d59-7393d2fab5c1-1, groupId=ikon-job-executor-process-job-started-event-listener-fe6e3390-c5e1-4797-9d59-7393d2fab5c1] Error while fetching metadata with correlation id 2 : {ikon-process-job-fe6e3390-c5e1-4797-9d59-7393d2fab5c1=LEADER_NOT_AVAILABLE}
2025-10-16T23:16:27.554+05:30  INFO 18408 --- [tenderManagement] [org.springframework.kafka.KafkaListenerEndpointContainer#0-0-C-1] org.apache.kafka.clients.Metadata        : [Consumer clientId=consumer-ikon-job-executor-process-job-started-event-listener-fe6e3390-c5e1-4797-9d59-7393d2fab5c1-1, groupId=ikon-job-executor-process-job-started-event-listener-fe6e3390-c5e1-4797-9d59-7393d2fab5c1] Cluster ID: ahTPXNW_TVqOMYlN9NwN8A
2025-10-16T23:16:28.242+05:30  INFO 18408 --- [tenderManagement] [org.springframework.kafka.KafkaListenerEndpointContainer#0-0-C-1] o.a.k.c.c.internals.ConsumerCoordinator  : [Consumer clientId=consumer-ikon-job-executor-process-job-started-event-listener-fe6e3390-c5e1-4797-9d59-7393d2fab5c1-1, groupId=ikon-job-executor-process-job-started-event-listener-fe6e3390-c5e1-4797-9d59-7393d2fab5c1] Discovered group coordinator localhost:9092 (id: 2147483646 rack: null)
2025-10-16T23:16:28.259+05:30  INFO 18408 --- [tenderManagement] [org.springframework.kafka.KafkaListenerEndpointContainer#0-0-C-1] o.a.k.c.c.internals.ConsumerCoordinator  : [Consumer clientId=consumer-ikon-job-executor-process-job-started-event-listener-fe6e3390-c5e1-4797-9d59-7393d2fab5c1-1, groupId=ikon-job-executor-process-job-started-event-listener-fe6e3390-c5e1-4797-9d59-7393d2fab5c1] (Re-)joining group
2025-10-16T23:16:28.312+05:30  WARN 18408 --- [tenderManagement] [org.springframework.kafka.KafkaListenerEndpointContainer#0-0-C-1] org.apache.kafka.clients.NetworkClient   : [Consumer clientId=consumer-ikon-job-executor-process-job-started-event-listener-fe6e3390-c5e1-4797-9d59-7393d2fab5c1-1, groupId=ikon-job-executor-process-job-started-event-listener-fe6e3390-c5e1-4797-9d59-7393d2fab5c1] Error while fetching metadata with correlation id 5 : {ikon-process-job-fe6e3390-c5e1-4797-9d59-7393d2fab5c1=LEADER_NOT_AVAILABLE}
2025-10-16T23:16:28.821+05:30  WARN 18408 --- [tenderManagement] [org.springframework.kafka.KafkaListenerEndpointContainer#0-0-C-1] org.apache.kafka.clients.NetworkClient   : [Consumer clientId=consumer-ikon-job-executor-process-job-started-event-listener-fe6e3390-c5e1-4797-9d59-7393d2fab5c1-1, groupId=ikon-job-executor-process-job-started-event-listener-fe6e3390-c5e1-4797-9d59-7393d2fab5c1] Error while fetching metadata with correlation id 8 : {ikon-process-job-fe6e3390-c5e1-4797-9d59-7393d2fab5c1=LEADER_NOT_AVAILABLE}
2025-10-16T23:16:29.248+05:30  INFO 18408 --- [tenderManagement] [org.springframework.kafka.KafkaListenerEndpointContainer#0-0-C-1] o.a.k.c.c.internals.ConsumerCoordinator  : [Consumer clientId=consumer-ikon-job-executor-process-job-started-event-listener-fe6e3390-c5e1-4797-9d59-7393d2fab5c1-1, groupId=ikon-job-executor-process-job-started-event-listener-fe6e3390-c5e1-4797-9d59-7393d2fab5c1] Request joining group due to: need to re-join with the given member-id: consumer-ikon-job-executor-process-job-started-event-listener-fe6e3390-c5e1-4797-9d59-7393d2fab5c1-1-92c1e4de-381c-4c27-9085-7db380cfb78b
2025-10-16T23:16:29.251+05:30  INFO 18408 --- [tenderManagement] [org.springframework.kafka.KafkaListenerEndpointContainer#0-0-C-1] o.a.k.c.c.internals.ConsumerCoordinator  : [Consumer clientId=consumer-ikon-job-executor-process-job-started-event-listener-fe6e3390-c5e1-4797-9d59-7393d2fab5c1-1, groupId=ikon-job-executor-process-job-started-event-listener-fe6e3390-c5e1-4797-9d59-7393d2fab5c1] (Re-)joining group
2025-10-16T23:16:29.262+05:30  WARN 18408 --- [tenderManagement] [org.springframework.kafka.KafkaListenerEndpointContainer#0-0-C-1] org.apache.kafka.clients.NetworkClient   : [Consumer clientId=consumer-ikon-job-executor-process-job-started-event-listener-fe6e3390-c5e1-4797-9d59-7393d2fab5c1-1, groupId=ikon-job-executor-process-job-started-event-listener-fe6e3390-c5e1-4797-9d59-7393d2fab5c1] Error while fetching metadata with correlation id 9 : {ikon-process-job-fe6e3390-c5e1-4797-9d59-7393d2fab5c1=LEADER_NOT_AVAILABLE}
2025-10-16T23:16:30.271+05:30  WARN 18408 --- [tenderManagement] [org.springframework.kafka.KafkaListenerEndpointContainer#0-0-C-1] org.apache.kafka.clients.NetworkClient   : [Consumer clientId=consumer-ikon-job-executor-process-job-started-event-listener-fe6e3390-c5e1-4797-9d59-7393d2fab5c1-1, groupId=ikon-job-executor-process-job-started-event-listener-fe6e3390-c5e1-4797-9d59-7393d2fab5c1] Error while fetching metadata with correlation id 11 : {ikon-process-job-fe6e3390-c5e1-4797-9d59-7393d2fab5c1=LEADER_NOT_AVAILABLE}
2025-10-16T23:16:30.960+05:30  INFO 18408 --- [tenderManagement] [org.springframework.kafka.KafkaListenerEndpointContainer#0-0-C-1] o.a.k.c.c.internals.ConsumerCoordinator  : [Consumer clientId=consumer-ikon-job-executor-process-job-started-event-listener-fe6e3390-c5e1-4797-9d59-7393d2fab5c1-1, groupId=ikon-job-executor-process-job-started-event-listener-fe6e3390-c5e1-4797-9d59-7393d2fab5c1] Successfully joined group with generation Generation{generationId=1, memberId='consumer-ikon-job-executor-process-job-started-event-listener-fe6e3390-c5e1-4797-9d59-7393d2fab5c1-1-92c1e4de-381c-4c27-9085-7db380cfb78b', protocol='range'}
2025-10-16T23:16:31.319+05:30  WARN 18408 --- [tenderManagement] [org.springframework.kafka.KafkaListenerEndpointContainer#0-0-C-1] org.apache.kafka.clients.NetworkClient   : [Consumer clientId=consumer-ikon-job-executor-process-job-started-event-listener-fe6e3390-c5e1-4797-9d59-7393d2fab5c1-1, groupId=ikon-job-executor-process-job-started-event-listener-fe6e3390-c5e1-4797-9d59-7393d2fab5c1] Error while fetching metadata with correlation id 12 : {ikon-process-job-fe6e3390-c5e1-4797-9d59-7393d2fab5c1=LEADER_NOT_AVAILABLE}
2025-10-16T23:16:31.334+05:30  INFO 18408 --- [tenderManagement] [org.springframework.kafka.KafkaListenerEndpointContainer#0-0-C-1] o.a.k.c.c.internals.ConsumerCoordinator  : [Consumer clientId=consumer-ikon-job-executor-process-job-started-event-listener-fe6e3390-c5e1-4797-9d59-7393d2fab5c1-1, groupId=ikon-job-executor-process-job-started-event-listener-fe6e3390-c5e1-4797-9d59-7393d2fab5c1] Finished assignment for group at generation 1: {consumer-ikon-job-executor-process-job-started-event-listener-fe6e3390-c5e1-4797-9d59-7393d2fab5c1-1-92c1e4de-381c-4c27-9085-7db380cfb78b=Assignment(partitions=[])}
2025-10-16T23:16:31.662+05:30  INFO 18408 --- [tenderManagement] [org.springframework.kafka.KafkaListenerEndpointContainer#0-0-C-1] o.a.k.c.c.internals.ConsumerCoordinator  : [Consumer clientId=consumer-ikon-job-executor-process-job-started-event-listener-fe6e3390-c5e1-4797-9d59-7393d2fab5c1-1, groupId=ikon-job-executor-process-job-started-event-listener-fe6e3390-c5e1-4797-9d59-7393d2fab5c1] Successfully synced group in generation Generation{generationId=1, memberId='consumer-ikon-job-executor-process-job-started-event-listener-fe6e3390-c5e1-4797-9d59-7393d2fab5c1-1-92c1e4de-381c-4c27-9085-7db380cfb78b', protocol='range'}
2025-10-16T23:16:31.664+05:30  INFO 18408 --- [tenderManagement] [org.springframework.kafka.KafkaListenerEndpointContainer#0-0-C-1] o.a.k.c.c.internals.ConsumerCoordinator  : [Consumer clientId=consumer-ikon-job-executor-process-job-started-event-listener-fe6e3390-c5e1-4797-9d59-7393d2fab5c1-1, groupId=ikon-job-executor-process-job-started-event-listener-fe6e3390-c5e1-4797-9d59-7393d2fab5c1] Notifying assignor about the new Assignment(partitions=[])
2025-10-16T23:16:31.667+05:30  INFO 18408 --- [tenderManagement] [org.springframework.kafka.KafkaListenerEndpointContainer#0-0-C-1] k.c.c.i.ConsumerRebalanceListenerInvoker : [Consumer clientId=consumer-ikon-job-executor-process-job-started-event-listener-fe6e3390-c5e1-4797-9d59-7393d2fab5c1-1, groupId=ikon-job-executor-process-job-started-event-listener-fe6e3390-c5e1-4797-9d59-7393d2fab5c1] Adding newly assigned partitions: 
2025-10-16T23:16:31.671+05:30  INFO 18408 --- [tenderManagement] [org.springframework.kafka.KafkaListenerEndpointContainer#0-0-C-1] o.s.k.l.KafkaMessageListenerContainer    : ikon-job-executor-process-job-started-event-listener-fe6e3390-c5e1-4797-9d59-7393d2fab5c1: partitions assigned: []
2025-10-16T23:16:32.341+05:30  INFO 18408 --- [tenderManagement] [org.springframework.kafka.KafkaListenerEndpointContainer#0-0-C-1] o.a.k.c.c.internals.ConsumerCoordinator  : [Consumer clientId=consumer-ikon-job-executor-process-job-started-event-listener-fe6e3390-c5e1-4797-9d59-7393d2fab5c1-1, groupId=ikon-job-executor-process-job-started-event-listener-fe6e3390-c5e1-4797-9d59-7393d2fab5c1] Request joining group due to: cached metadata has changed from (version7: {ikon-process-job-fe6e3390-c5e1-4797-9d59-7393d2fab5c1=[]}) at the beginning of the rebalance to (version8: {ikon-process-job-fe6e3390-c5e1-4797-9d59-7393d2fab5c1=[NO_RACKS]})
2025-10-16T23:16:32.345+05:30  INFO 18408 --- [tenderManagement] [org.springframework.kafka.KafkaListenerEndpointContainer#0-0-C-1] k.c.c.i.ConsumerRebalanceListenerInvoker : [Consumer clientId=consumer-ikon-job-executor-process-job-started-event-listener-fe6e3390-c5e1-4797-9d59-7393d2fab5c1-1, groupId=ikon-job-executor-process-job-started-event-listener-fe6e3390-c5e1-4797-9d59-7393d2fab5c1] Revoke previously assigned partitions 
2025-10-16T23:16:32.348+05:30  INFO 18408 --- [tenderManagement] [org.springframework.kafka.KafkaListenerEndpointContainer#0-0-C-1] o.s.k.l.KafkaMessageListenerContainer    : ikon-job-executor-process-job-started-event-listener-fe6e3390-c5e1-4797-9d59-7393d2fab5c1: partitions revoked: []
2025-10-16T23:16:32.350+05:30  INFO 18408 --- [tenderManagement] [org.springframework.kafka.KafkaListenerEndpointContainer#0-0-C-1] o.a.k.c.c.internals.ConsumerCoordinator  : [Consumer clientId=consumer-ikon-job-executor-process-job-started-event-listener-fe6e3390-c5e1-4797-9d59-7393d2fab5c1-1, groupId=ikon-job-executor-process-job-started-event-listener-fe6e3390-c5e1-4797-9d59-7393d2fab5c1] (Re-)joining group
2025-10-16T23:16:32.431+05:30  INFO 18408 --- [tenderManagement] [org.springframework.kafka.KafkaListenerEndpointContainer#0-0-C-1] o.a.k.c.c.internals.ConsumerCoordinator  : [Consumer clientId=consumer-ikon-job-executor-process-job-started-event-listener-fe6e3390-c5e1-4797-9d59-7393d2fab5c1-1, groupId=ikon-job-executor-process-job-started-event-listener-fe6e3390-c5e1-4797-9d59-7393d2fab5c1] Successfully joined group with generation Generation{generationId=2, memberId='consumer-ikon-job-executor-process-job-started-event-listener-fe6e3390-c5e1-4797-9d59-7393d2fab5c1-1-92c1e4de-381c-4c27-9085-7db380cfb78b', protocol='range'}
2025-10-16T23:16:32.447+05:30  INFO 18408 --- [tenderManagement] [org.springframework.kafka.KafkaListenerEndpointContainer#0-0-C-1] o.a.k.c.c.internals.ConsumerCoordinator  : [Consumer clientId=consumer-ikon-job-executor-process-job-started-event-listener-fe6e3390-c5e1-4797-9d59-7393d2fab5c1-1, groupId=ikon-job-executor-process-job-started-event-listener-fe6e3390-c5e1-4797-9d59-7393d2fab5c1] Finished assignment for group at generation 2: {consumer-ikon-job-executor-process-job-started-event-listener-fe6e3390-c5e1-4797-9d59-7393d2fab5c1-1-92c1e4de-381c-4c27-9085-7db380cfb78b=Assignment(partitions=[ikon-process-job-fe6e3390-c5e1-4797-9d59-7393d2fab5c1-0])}
2025-10-16T23:16:32.483+05:30  INFO 18408 --- [tenderManagement] [org.springframework.kafka.KafkaListenerEndpointContainer#0-0-C-1] o.a.k.c.c.internals.ConsumerCoordinator  : [Consumer clientId=consumer-ikon-job-executor-process-job-started-event-listener-fe6e3390-c5e1-4797-9d59-7393d2fab5c1-1, groupId=ikon-job-executor-process-job-started-event-listener-fe6e3390-c5e1-4797-9d59-7393d2fab5c1] Successfully synced group in generation Generation{generationId=2, memberId='consumer-ikon-job-executor-process-job-started-event-listener-fe6e3390-c5e1-4797-9d59-7393d2fab5c1-1-92c1e4de-381c-4c27-9085-7db380cfb78b', protocol='range'}
2025-10-16T23:16:32.493+05:30  INFO 18408 --- [tenderManagement] [org.springframework.kafka.KafkaListenerEndpointContainer#0-0-C-1] o.a.k.c.c.internals.ConsumerCoordinator  : [Consumer clientId=consumer-ikon-job-executor-process-job-started-event-listener-fe6e3390-c5e1-4797-9d59-7393d2fab5c1-1, groupId=ikon-job-executor-process-job-started-event-listener-fe6e3390-c5e1-4797-9d59-7393d2fab5c1] Notifying assignor about the new Assignment(partitions=[ikon-process-job-fe6e3390-c5e1-4797-9d59-7393d2fab5c1-0])
2025-10-16T23:16:32.511+05:30  INFO 18408 --- [tenderManagement] [org.springframework.kafka.KafkaListenerEndpointContainer#0-0-C-1] k.c.c.i.ConsumerRebalanceListenerInvoker : [Consumer clientId=consumer-ikon-job-executor-process-job-started-event-listener-fe6e3390-c5e1-4797-9d59-7393d2fab5c1-1, groupId=ikon-job-executor-process-job-started-event-listener-fe6e3390-c5e1-4797-9d59-7393d2fab5c1] Adding newly assigned partitions: ikon-process-job-fe6e3390-c5e1-4797-9d59-7393d2fab5c1-0
2025-10-16T23:16:33.996+05:30  INFO 18408 --- [tenderManagement] [org.springframework.kafka.KafkaListenerEndpointContainer#0-0-C-1] o.a.k.c.c.internals.ConsumerCoordinator  : [Consumer clientId=consumer-ikon-job-executor-process-job-started-event-listener-fe6e3390-c5e1-4797-9d59-7393d2fab5c1-1, groupId=ikon-job-executor-process-job-started-event-listener-fe6e3390-c5e1-4797-9d59-7393d2fab5c1] Found no committed offset for partition ikon-process-job-fe6e3390-c5e1-4797-9d59-7393d2fab5c1-0
2025-10-16T23:16:36.071+05:30  INFO 18408 --- [tenderManagement] [org.springframework.kafka.KafkaListenerEndpointContainer#0-0-C-1] o.a.k.c.c.internals.SubscriptionState    : [Consumer clientId=consumer-ikon-job-executor-process-job-started-event-listener-fe6e3390-c5e1-4797-9d59-7393d2fab5c1-1, groupId=ikon-job-executor-process-job-started-event-listener-fe6e3390-c5e1-4797-9d59-7393d2fab5c1] Resetting offset for partition ikon-process-job-fe6e3390-c5e1-4797-9d59-7393d2fab5c1-0 to position FetchPosition{offset=0, offsetEpoch=Optional.empty, currentLeader=LeaderAndEpoch{leader=Optional[localhost:9092 (id: 1 rack: null)], epoch=0}}.
2025-10-16T23:16:36.074+05:30  INFO 18408 --- [tenderManagement] [org.springframework.kafka.KafkaListenerEndpointContainer#0-0-C-1] o.s.k.l.KafkaMessageListenerContainer    : ikon-job-executor-process-job-started-event-listener-fe6e3390-c5e1-4797-9d59-7393d2fab5c1: partitions assigned: [ikon-process-job-fe6e3390-c5e1-4797-9d59-7393d2fab5c1-0]
2025-10-16T23:25:28.719+05:30  INFO 18408 --- [tenderManagement] [org.springframework.kafka.KafkaListenerEndpointContainer#0-0-C-1] org.apache.kafka.clients.NetworkClient   : [Consumer clientId=consumer-ikon-job-executor-process-job-started-event-listener-fe6e3390-c5e1-4797-9d59-7393d2fab5c1-1, groupId=ikon-job-executor-process-job-started-event-listener-fe6e3390-c5e1-4797-9d59-7393d2fab5c1] Node -1 disconnected.
2025-10-16T23:33:33.976+05:30  INFO 18408 --- [tenderManagement] [http-nio-0.0.0.0-8070-exec-4] o.a.c.c.C.[Tomcat].[localhost].[/]       : Initializing Spring DispatcherServlet 'dispatcherServlet'
2025-10-16T23:33:34.020+05:30  INFO 18408 --- [tenderManagement] [http-nio-0.0.0.0-8070-exec-4] o.s.web.servlet.DispatcherServlet        : Initializing Servlet 'dispatcherServlet'
2025-10-16T23:33:34.467+05:30  INFO 18408 --- [tenderManagement] [http-nio-0.0.0.0-8070-exec-4] o.s.web.servlet.DispatcherServlet        : Completed initialization in 440 ms
2025-10-16T23:35:23.435+05:30  INFO 18408 --- [tenderManagement] [org.springframework.kafka.KafkaListenerEndpointContainer#0-0-C-1] org.apache.kafka.clients.NetworkClient   : [Consumer clientId=consumer-ikon-job-executor-process-job-started-event-listener-fe6e3390-c5e1-4797-9d59-7393d2fab5c1-1, groupId=ikon-job-executor-process-job-started-event-listener-fe6e3390-c5e1-4797-9d59-7393d2fab5c1] Node -1 disconnected.
