2025-10-16T17:29:24.778+05:30  INFO 4896 --- [tender-management] [restartedMain] c.i.IkonTenderManagementApplication      : Starting IkonTenderManagementApplication using Java 21.0.7 with PID 4896 (C:\Users\KER LPTP- 74\Desktop\tender-management-backend\tender-management\tender-management\backend\tender-management-server\target\classes started by KER LPTP- 74 in C:\Users\KER LPTP- 74\Desktop\tender-management-backend\tender-management\tender-management\backend)
2025-10-16T17:29:24.781+05:30  INFO 4896 --- [tender-management] [restartedMain] c.i.IkonTenderManagementApplication      : The following 1 profile is active: "local"
2025-10-16T17:29:24.913+05:30  INFO 4896 --- [tender-management] [restartedMain] .e.DevToolsPropertyDefaultsPostProcessor : Devtools property defaults active! Set 'spring.devtools.add-properties' to 'false' to disable
2025-10-16T17:29:24.914+05:30  INFO 4896 --- [tender-management] [restartedMain] .e.DevToolsPropertyDefaultsPostProcessor : For additional web related logging consider setting the 'logging.level.web' property to 'DEBUG'
2025-10-16T17:29:26.562+05:30  INFO 4896 --- [tender-management] [restartedMain] .s.d.r.c.RepositoryConfigurationDelegate : Multiple Spring Data modules found, entering strict repository configuration mode
2025-10-16T17:29:26.562+05:30  INFO 4896 --- [tender-management] [restartedMain] .s.d.r.c.RepositoryConfigurationDelegate : Bootstrapping Spring Data JPA repositories in DEFAULT mode.
2025-10-16T17:29:26.576+05:30  INFO 4896 --- [tender-management] [restartedMain] .s.d.r.c.RepositoryConfigurationDelegate : Finished Spring Data repository scanning in 3 ms. Found 0 JPA repository interfaces.
2025-10-16T17:29:27.048+05:30  INFO 4896 --- [tender-management] [restartedMain] .s.d.r.c.RepositoryConfigurationDelegate : Multiple Spring Data modules found, entering strict repository configuration mode
2025-10-16T17:29:27.049+05:30  INFO 4896 --- [tender-management] [restartedMain] .s.d.r.c.RepositoryConfigurationDelegate : Bootstrapping Spring Data JPA repositories in DEFAULT mode.
2025-10-16T17:29:27.232+05:30  INFO 4896 --- [tender-management] [restartedMain] .s.d.r.c.RepositoryConfigurationDelegate : Finished Spring Data repository scanning in 178 ms. Found 1 JPA repository interface.
2025-10-16T17:29:27.243+05:30  INFO 4896 --- [tender-management] [restartedMain] .s.d.r.c.RepositoryConfigurationDelegate : Multiple Spring Data modules found, entering strict repository configuration mode
2025-10-16T17:29:27.243+05:30  INFO 4896 --- [tender-management] [restartedMain] .s.d.r.c.RepositoryConfigurationDelegate : Bootstrapping Spring Data JPA repositories in DEFAULT mode.
2025-10-16T17:29:27.265+05:30  INFO 4896 --- [tender-management] [restartedMain] .s.d.r.c.RepositoryConfigurationDelegate : Finished Spring Data repository scanning in 17 ms. Found 1 JPA repository interface.
2025-10-16T17:29:27.266+05:30  INFO 4896 --- [tender-management] [restartedMain] .s.d.r.c.RepositoryConfigurationDelegate : Multiple Spring Data modules found, entering strict repository configuration mode
2025-10-16T17:29:27.266+05:30  INFO 4896 --- [tender-management] [restartedMain] .s.d.r.c.RepositoryConfigurationDelegate : Bootstrapping Spring Data JPA repositories in DEFAULT mode.
2025-10-16T17:29:27.365+05:30  INFO 4896 --- [tender-management] [restartedMain] .s.d.r.c.RepositoryConfigurationDelegate : Finished Spring Data repository scanning in 92 ms. Found 4 JPA repository interfaces.
2025-10-16T17:29:27.991+05:30  INFO 4896 --- [tender-management] [restartedMain] .s.d.r.c.RepositoryConfigurationDelegate : Multiple Spring Data modules found, entering strict repository configuration mode
2025-10-16T17:29:27.992+05:30  INFO 4896 --- [tender-management] [restartedMain] .s.d.r.c.RepositoryConfigurationDelegate : Bootstrapping Spring Data Elasticsearch repositories in DEFAULT mode.
2025-10-16T17:29:28.005+05:30  INFO 4896 --- [tender-management] [restartedMain] .s.d.r.c.RepositoryConfigurationDelegate : Finished Spring Data repository scanning in 10 ms. Found 0 Elasticsearch repository interfaces.
2025-10-16T17:29:28.011+05:30  INFO 4896 --- [tender-management] [restartedMain] .s.d.r.c.RepositoryConfigurationDelegate : Multiple Spring Data modules found, entering strict repository configuration mode
2025-10-16T17:29:28.011+05:30  INFO 4896 --- [tender-management] [restartedMain] .s.d.r.c.RepositoryConfigurationDelegate : Bootstrapping Spring Data Reactive Elasticsearch repositories in DEFAULT mode.
2025-10-16T17:29:28.014+05:30  INFO 4896 --- [tender-management] [restartedMain] .s.d.r.c.RepositoryConfigurationDelegate : Finished Spring Data repository scanning in 1 ms. Found 0 Reactive Elasticsearch repository interfaces.
2025-10-16T17:29:28.025+05:30  INFO 4896 --- [tender-management] [restartedMain] .s.d.r.c.RepositoryConfigurationDelegate : Multiple Spring Data modules found, entering strict repository configuration mode
2025-10-16T17:29:28.025+05:30  INFO 4896 --- [tender-management] [restartedMain] .s.d.r.c.RepositoryConfigurationDelegate : Bootstrapping Spring Data MongoDB repositories in DEFAULT mode.
2025-10-16T17:29:28.028+05:30  INFO 4896 --- [tender-management] [restartedMain] .s.d.r.c.RepositoryConfigurationDelegate : Finished Spring Data repository scanning in 0 ms. Found 0 MongoDB repository interfaces.
2025-10-16T17:29:28.047+05:30  INFO 4896 --- [tender-management] [restartedMain] .s.d.r.c.RepositoryConfigurationDelegate : Multiple Spring Data modules found, entering strict repository configuration mode
2025-10-16T17:29:28.049+05:30  INFO 4896 --- [tender-management] [restartedMain] .s.d.r.c.RepositoryConfigurationDelegate : Bootstrapping Spring Data Redis repositories in DEFAULT mode.
2025-10-16T17:29:28.058+05:30  INFO 4896 --- [tender-management] [restartedMain] .s.d.r.c.RepositoryConfigurationDelegate : Finished Spring Data repository scanning in 0 ms. Found 0 Redis repository interfaces.
2025-10-16T17:29:28.534+05:30  INFO 4896 --- [tender-management] [restartedMain] o.s.cloud.context.scope.GenericScope     : BeanFactory id=91f0ce46-97f7-3015-8cdb-cbe133aa2405
2025-10-16T17:29:29.965+05:30  INFO 4896 --- [tender-management] [restartedMain] o.s.b.w.embedded.tomcat.TomcatWebServer  : Tomcat initialized with port 8070 (http)
2025-10-16T17:29:29.980+05:30  INFO 4896 --- [tender-management] [restartedMain] o.apache.catalina.core.StandardService   : Starting service [Tomcat]
2025-10-16T17:29:29.980+05:30  INFO 4896 --- [tender-management] [restartedMain] o.apache.catalina.core.StandardEngine    : Starting Servlet engine: [Apache Tomcat/10.1.39]
2025-10-16T17:29:30.077+05:30  INFO 4896 --- [tender-management] [restartedMain] o.a.c.c.C.[Tomcat].[localhost].[/]       : Initializing Spring embedded WebApplicationContext
2025-10-16T17:29:30.077+05:30  INFO 4896 --- [tender-management] [restartedMain] w.s.c.ServletWebServerApplicationContext : Root WebApplicationContext: initialization completed in 5163 ms
2025-10-16T17:29:30.740+05:30  INFO 4896 --- [tender-management] [restartedMain] com.zaxxer.hikari.HikariDataSource       : HikariPool-1 - Starting...
